Using pre-set license
Built from '2021.3/staging' branch; Version is '2021.3.1f1 (3b70a0754835) revision 3895456'; Using compiler version '192829333'; Build Type 'Release'
OS: 'Windows 10  (10.0.19044) 64bit Professional' Language: 'tr' Physical Memory: 32510 MB
BatchMode: 1, IsHumanControllingUs: 0, StartBugReporterOnCrash: 0, Is64bit: 1, IsPro: 1

COMMAND LINE ARGUMENTS:
C:\Program Files\Unity\Hub\Editor\2021.3.1f1\Editor\Unity.exe
-adb2
-batchMode
-noUpm
-name
AssetImportWorker1
-projectPath
C:/Users/didem/Game Station IDLE/Assets
-logFile
Logs/AssetImportWorker1.log
-srvPort
62722
Successfully changed project path to: C:/Users/didem/Game Station IDLE/Assets
C:/Users/didem/Game Station IDLE/Assets
[UnityMemory] Configuration Parameters - Can be set up in boot.config
    "memorysetup-bucket-allocator-granularity=16"
    "memorysetup-bucket-allocator-bucket-count=8"
    "memorysetup-bucket-allocator-block-size=33554432"
    "memorysetup-bucket-allocator-block-count=8"
    "memorysetup-main-allocator-block-size=16777216"
    "memorysetup-thread-allocator-block-size=16777216"
    "memorysetup-gfx-main-allocator-block-size=16777216"
    "memorysetup-gfx-thread-allocator-block-size=16777216"
    "memorysetup-cache-allocator-block-size=4194304"
    "memorysetup-typetree-allocator-block-size=2097152"
    "memorysetup-profiler-bucket-allocator-granularity=16"
    "memorysetup-profiler-bucket-allocator-bucket-count=8"
    "memorysetup-profiler-bucket-allocator-block-size=33554432"
    "memorysetup-profiler-bucket-allocator-block-count=8"
    "memorysetup-profiler-allocator-block-size=16777216"
    "memorysetup-profiler-editor-allocator-block-size=1048576"
    "memorysetup-temp-allocator-size-main=16777216"
    "memorysetup-job-temp-allocator-block-size=2097152"
    "memorysetup-job-temp-allocator-block-size-background=1048576"
    "memorysetup-job-temp-allocator-reduction-small-platforms=262144"
    "memorysetup-temp-allocator-size-background-worker=32768"
    "memorysetup-temp-allocator-size-job-worker=262144"
    "memorysetup-temp-allocator-size-preload-manager=33554432"
    "memorysetup-temp-allocator-size-nav-mesh-worker=65536"
    "memorysetup-temp-allocator-size-audio-worker=65536"
    "memorysetup-temp-allocator-size-cloud-worker=32768"
    "memorysetup-temp-allocator-size-gi-baking-worker=262144"
    "memorysetup-temp-allocator-size-gfx=262144"
Refreshing native plugins compatible for Editor in 65.51 ms, found 3 plugins.
Preloading 0 native plugins for Editor in 0.00 ms.
Initialize engine version: 2021.3.1f1 (3b70a0754835)
[Subsystems] Discovering subsystems at path C:/Program Files/Unity/Hub/Editor/2021.3.1f1/Editor/Data/Resources/UnitySubsystems
[Subsystems] Discovering subsystems at path C:/Users/didem/Game Station IDLE/Assets/Assets
GfxDevice: creating device client; threaded=0; jobified=0
Direct3D:
    Version:  Direct3D 11.0 [level 11.1]
    Renderer: NVIDIA GeForce RTX 3070 Laptop GPU (ID=0x249d)
    Vendor:   NVIDIA
    VRAM:     8044 MB
    Driver:   30.0.15.1289
Initialize mono
Mono path[0] = 'C:/Program Files/Unity/Hub/Editor/2021.3.1f1/Editor/Data/Managed'
Mono path[1] = 'C:/Program Files/Unity/Hub/Editor/2021.3.1f1/Editor/Data/MonoBleedingEdge/lib/mono/unityjit-win32'
Mono config path = 'C:/Program Files/Unity/Hub/Editor/2021.3.1f1/Editor/Data/MonoBleedingEdge/etc'
Using monoOptions --debugger-agent=transport=dt_socket,embedding=1,server=y,suspend=n,address=127.0.0.1:56572
Begin MonoManager ReloadAssembly
Registering precompiled unity dll's ...
Register platform support module: C:/Program Files/Unity/Hub/Editor/2021.3.1f1/Editor/Data/PlaybackEngines/WebGLSupport/UnityEditor.WebGL.Extensions.dll
Register platform support module: C:/Program Files/Unity/Hub/Editor/2021.3.1f1/Editor/Data/PlaybackEngines/WindowsStandaloneSupport/UnityEditor.WindowsStandalone.Extensions.dll
Registered in 0.008329 seconds.
Native extension for WindowsStandalone target not found
Native extension for WebGL target not found
Refreshing native plugins compatible for Editor in 100.49 ms, found 3 plugins.
Preloading 0 native plugins for Editor in 0.00 ms.
Mono: successfully reloaded assembly
- Completed reload, in  0.740 seconds
Domain Reload Profiling:
	ReloadAssembly (740ms)
		BeginReloadAssembly (79ms)
			ExecutionOrderSort (0ms)
			DisableScriptedObjects (0ms)
			BackupInstance (0ms)
			ReleaseScriptingObjects (0ms)
			CreateAndSetChildDomain (1ms)
		EndReloadAssembly (523ms)
			LoadAssemblies (77ms)
			RebuildTransferFunctionScriptingTraits (0ms)
			SetupTypeCache (140ms)
			ReleaseScriptCaches (0ms)
			RebuildScriptCaches (34ms)
			SetupLoadedEditorAssemblies (291ms)
				LogAssemblyErrors (0ms)
				InitializePlatformSupportModulesInManaged (11ms)
				SetLoadedEditorAssemblies (0ms)
				RefreshPlugins (101ms)
				BeforeProcessingInitializeOnLoad (1ms)
				ProcessInitializeOnLoadAttributes (130ms)
				ProcessInitializeOnLoadMethodAttributes (48ms)
				AfterProcessingInitializeOnLoad (0ms)
				EditorAssembliesLoaded (0ms)
			ExecutionOrderSort2 (0ms)
			AwakeInstancesAfterBackupRestoration (0ms)
Platform modules already initialized, skipping
Registering precompiled user dll's ...
Registered in 0.004052 seconds.
Begin MonoManager ReloadAssembly
Native extension for WindowsStandalone target not found
Native extension for WebGL target not found
Refreshing native plugins compatible for Editor in 0.65 ms, found 3 plugins.
Preloading 0 native plugins for Editor in 0.00 ms.
Mono: successfully reloaded assembly
- Completed reload, in  0.959 seconds
Domain Reload Profiling:
	ReloadAssembly (960ms)
		BeginReloadAssembly (105ms)
			ExecutionOrderSort (0ms)
			DisableScriptedObjects (5ms)
			BackupInstance (0ms)
			ReleaseScriptingObjects (0ms)
			CreateAndSetChildDomain (18ms)
		EndReloadAssembly (726ms)
			LoadAssemblies (71ms)
			RebuildTransferFunctionScriptingTraits (0ms)
			SetupTypeCache (236ms)
			ReleaseScriptCaches (1ms)
			RebuildScriptCaches (56ms)
			SetupLoadedEditorAssemblies (316ms)
				LogAssemblyErrors (0ms)
				InitializePlatformSupportModulesInManaged (8ms)
				SetLoadedEditorAssemblies (0ms)
				RefreshPlugins (1ms)
				BeforeProcessingInitializeOnLoad (72ms)
				ProcessInitializeOnLoadAttributes (201ms)
				ProcessInitializeOnLoadMethodAttributes (25ms)
				AfterProcessingInitializeOnLoad (8ms)
				EditorAssembliesLoaded (0ms)
			ExecutionOrderSort2 (0ms)
			AwakeInstancesAfterBackupRestoration (5ms)
Platform modules already initialized, skipping
========================================================================
Worker process is ready to serve import requests
Launched and connected shader compiler UnityShaderCompiler.exe after 0.04 seconds
Refreshing native plugins compatible for Editor in 0.45 ms, found 3 plugins.
Preloading 0 native plugins for Editor in 0.00 ms.
Unloading 3104 Unused Serialized files (Serialized files now loaded: 0)
Unloading 20 unused Assets / (47.7 KB). Loaded Objects now: 3567.
Memory consumption went from 108.0 MB to 108.0 MB.
Total: 2.469300 ms (FindLiveObjects: 0.287900 ms CreateObjectMapping: 0.105700 ms MarkObjects: 2.011000 ms  DeleteObjects: 0.063200 ms)

AssetImportParameters requested are different than current active one (requested -> active):
  custom:video-decoder-ogg-theora: a1e56fd34408186e4bbccfd4996cb3dc -> 
  custom:container-muxer-webm: aa71ff27fc2769a1b78a27578f13a17b -> 
  custom:container-demuxer-webm: 4f35f7cbe854078d1ac9338744f61a02 -> 
  custom:video-encoder-webm-vp8: eb34c28f22e8b96e1ab97ce403110664 -> 
  custom:audio-encoder-webm-vorbis: bf7c407c2cedff20999df2af8eb42d56 -> 
  custom:framework-win-MediaFoundation: 216162199b28c13a410421893ffa2e32 -> 
  custom:container-demuxer-ogg: 62fdf1f143b41e24485cea50d1cbac27 -> 
  custom:video-decoder-webm-vp8: 9c59270c3fd7afecdb556c50c9e8de78 -> 
  custom:audio-decoder-ogg-vorbis: bf7c407c2cedff20999df2af8eb42d56 -> 
========================================================================
Received Import Request.
  Time since last request: 1352.645215 seconds.
  path: Assets/Pc.fbx
  artifactKey: Guid(7a5808a7934a9b24aa50322aef41bf33) Importer(815301076,1909f56bfc062723c751e8b465ee728b)
Start importing Assets/Pc.fbx using Guid(7a5808a7934a9b24aa50322aef41bf33) Importer(815301076,1909f56bfc062723c751e8b465ee728b)  -> (artifact id: '27a8095bf55df936b21144544d29db28') in 0.582478 seconds 
========================================================================
Received Import Request.
  Time since last request: 0.000031 seconds.
  path: Assets/Desk_occlusion.tga.png
  artifactKey: Guid(6d0be717a3874aa4a964627ce47cc07a) Importer(815301076,1909f56bfc062723c751e8b465ee728b)
Start importing Assets/Desk_occlusion.tga.png using Guid(6d0be717a3874aa4a964627ce47cc07a) Importer(815301076,1909f56bfc062723c751e8b465ee728b)  -> (artifact id: '94ac2e3687cea10b7ef0de96b5952ce1') in 0.025853 seconds 
========================================================================
Received Import Request.
  Time since last request: 0.000031 seconds.
  path: Assets/secretaria_Roughness.png
  artifactKey: Guid(078694bbc19742c4b9e62ab3de61f539) Importer(815301076,1909f56bfc062723c751e8b465ee728b)
Start importing Assets/secretaria_Roughness.png using Guid(078694bbc19742c4b9e62ab3de61f539) Importer(815301076,1909f56bfc062723c751e8b465ee728b)  -> (artifact id: '390cbae79d01b201e97e375ea79445f7') in 0.016652 seconds 
========================================================================
Received Import Request.
  Time since last request: 0.000021 seconds.
  path: Assets/Roughness.jpg
  artifactKey: Guid(28763d104abde96439f11d10d2b1fe88) Importer(815301076,1909f56bfc062723c751e8b465ee728b)
Start importing Assets/Roughness.jpg using Guid(28763d104abde96439f11d10d2b1fe88) Importer(815301076,1909f56bfc062723c751e8b465ee728b)  -> (artifact id: '1082b216694b2e2ed715bf4f5fe36d51') in 0.016911 seconds 
========================================================================
Received Import Request.
  Time since last request: 0.000021 seconds.
  path: Assets/Desk_Roughness.tga.png
  artifactKey: Guid(88fa559227ae15141a209b52dbae33ee) Importer(815301076,1909f56bfc062723c751e8b465ee728b)
Start importing Assets/Desk_Roughness.tga.png using Guid(88fa559227ae15141a209b52dbae33ee) Importer(815301076,1909f56bfc062723c751e8b465ee728b)  -> (artifact id: 'a0bda7fbcf07cab75918188e56646536') in 0.016452 seconds 
========================================================================
Received Import Request.
  Time since last request: 0.000035 seconds.
  path: Assets/money.fbx
  artifactKey: Guid(9a0e360a75821134e8a552cdfa04aa18) Importer(815301076,1909f56bfc062723c751e8b465ee728b)
Start importing Assets/money.fbx using Guid(9a0e360a75821134e8a552cdfa04aa18) Importer(815301076,1909f56bfc062723c751e8b465ee728b)  -> (artifact id: 'd92265474e232fa493ef9292553ab691') in 0.028358 seconds 
========================================================================
Received Import Request.
  Time since last request: 0.000030 seconds.
  path: Assets/internal_ground_ao_texture.jpeg
  artifactKey: Guid(3d942fee0c95ffa428a30f1c3fd3bbfa) Importer(815301076,1909f56bfc062723c751e8b465ee728b)
Start importing Assets/internal_ground_ao_texture.jpeg using Guid(3d942fee0c95ffa428a30f1c3fd3bbfa) Importer(815301076,1909f56bfc062723c751e8b465ee728b)  -> (artifact id: '9c7cbc917f8c13ce8b3c3fe440029af8') in 0.016500 seconds 
========================================================================
Received Import Request.
  Time since last request: 0.000026 seconds.
  path: Assets/Wooden Table.dae
  artifactKey: Guid(a06b5411a59c96648a6bf44faaaaff16) Importer(815301076,1909f56bfc062723c751e8b465ee728b)
Start importing Assets/Wooden Table.dae using Guid(a06b5411a59c96648a6bf44faaaaff16) Importer(815301076,1909f56bfc062723c751e8b465ee728b)  -> (artifact id: 'a91608107842e6e947d311a7c641482d') in 0.038728 seconds 
========================================================================
Received Import Request.
  Time since last request: 0.000031 seconds.
  path: Assets/—Pngtree—white frame_5054136.png
  artifactKey: Guid(7cbae1bd30b2ade49a280f93a0f27329) Importer(815301076,1909f56bfc062723c751e8b465ee728b)
Start importing Assets/—Pngtree—white frame_5054136.png using Guid(7cbae1bd30b2ade49a280f93a0f27329) Importer(815301076,1909f56bfc062723c751e8b465ee728b)  -> (artifact id: '903c666e9f90db97891e5a8457680742') in 0.222925 seconds 
========================================================================
Received Import Request.
  Time since last request: 12.007077 seconds.
  path: Assets/DesktopComputerSet/Models/Materials/Computer.mat
  artifactKey: Guid(035ddfee8f3a25949821609f227f0964) Importer(815301076,1909f56bfc062723c751e8b465ee728b)
Start importing Assets/DesktopComputerSet/Models/Materials/Computer.mat using Guid(035ddfee8f3a25949821609f227f0964) Importer(815301076,1909f56bfc062723c751e8b465ee728b)  -> (artifact id: '73fa3798bc4b5db7fcd5a07f5163ba33') in 0.207482 seconds 
========================================================================
Received Import Request.
  Time since last request: 0.000026 seconds.
  path: Assets/Materials/Material_albedo.mat
  artifactKey: Guid(60024ff3b4e96c147a9435a8b6c01fc2) Importer(815301076,1909f56bfc062723c751e8b465ee728b)
Start importing Assets/Materials/Material_albedo.mat using Guid(60024ff3b4e96c147a9435a8b6c01fc2) Importer(815301076,1909f56bfc062723c751e8b465ee728b)  -> (artifact id: 'bbc750e3af4f4710f578250222aa5f09') in 0.019752 seconds 
========================================================================
Received Import Request.
  Time since last request: 0.000024 seconds.
  path: Assets/DesktopComputerSet/Models/Materials/Webcam.mat
  artifactKey: Guid(047c00d1fd2048f49a785ff50f2e8d1e) Importer(815301076,1909f56bfc062723c751e8b465ee728b)
Start importing Assets/DesktopComputerSet/Models/Materials/Webcam.mat using Guid(047c00d1fd2048f49a785ff50f2e8d1e) Importer(815301076,1909f56bfc062723c751e8b465ee728b)  -> (artifact id: '6a7bbffa77990352ad10500229affc54') in 0.206772 seconds 
========================================================================
Received Import Request.
  Time since last request: 0.614044 seconds.
  path: Assets/DesktopComputerSet/Models/Monitor.fbx
  artifactKey: Guid(240081312530bff449279e0803caf3df) Importer(815301076,1909f56bfc062723c751e8b465ee728b)
Start importing Assets/DesktopComputerSet/Models/Monitor.fbx using Guid(240081312530bff449279e0803caf3df) Importer(815301076,1909f56bfc062723c751e8b465ee728b)  -> (artifact id: '428e56e3b5df04ffaddd28994fd41433') in 0.060214 seconds 
========================================================================
Received Import Request.
  Time since last request: 0.000024 seconds.
  path: Assets/DesktopComputerSet/Models/Speaker.fbx
  artifactKey: Guid(6c4c2478bf7d4214fa0f3c43932d2752) Importer(815301076,1909f56bfc062723c751e8b465ee728b)
Start importing Assets/DesktopComputerSet/Models/Speaker.fbx using Guid(6c4c2478bf7d4214fa0f3c43932d2752) Importer(815301076,1909f56bfc062723c751e8b465ee728b)  -> (artifact id: 'db2a06e259425666b837c980e67b42db') in 0.070688 seconds 
========================================================================
Received Import Request.
  Time since last request: 0.000018 seconds.
  path: Assets/DesktopComputerSet/Models/UsbWlanAdapter.fbx
  artifactKey: Guid(16c8947852480e643b0411c3effe4317) Importer(815301076,1909f56bfc062723c751e8b465ee728b)
Start importing Assets/DesktopComputerSet/Models/UsbWlanAdapter.fbx using Guid(16c8947852480e643b0411c3effe4317) Importer(815301076,1909f56bfc062723c751e8b465ee728b)  -> (artifact id: 'dfcd5f37d67f12aea3dc692f705bae50') in 0.035139 seconds 
========================================================================
Received Import Request.
  Time since last request: 0.168784 seconds.
  path: Assets/DesktopComputerSet/Prefabs/keyboard.prefab
  artifactKey: Guid(14460a0c9bcb56e40ad480ca1765179c) Importer(815301076,1909f56bfc062723c751e8b465ee728b)
Start importing Assets/DesktopComputerSet/Prefabs/keyboard.prefab using Guid(14460a0c9bcb56e40ad480ca1765179c) Importer(815301076,1909f56bfc062723c751e8b465ee728b)  -> (artifact id: 'd48e20d57a95f19ec8c8e31afbd1b573') in 0.054064 seconds 
========================================================================
Received Import Request.
  Time since last request: 0.000028 seconds.
  path: Assets/DesktopComputerSet/Prefabs/Router.prefab
  artifactKey: Guid(b96aa283b23df0d4db984e5b6a8a302d) Importer(815301076,1909f56bfc062723c751e8b465ee728b)
Start importing Assets/DesktopComputerSet/Prefabs/Router.prefab using Guid(b96aa283b23df0d4db984e5b6a8a302d) Importer(815301076,1909f56bfc062723c751e8b465ee728b)  -> (artifact id: '2b54c455a64ccbf9f79b3db46344158e') in 0.025929 seconds 
========================================================================
Received Import Request.
  Time since last request: 0.000050 seconds.
  path: Assets/DesktopComputerSet/Prefabs/UsbWlanAdapter.prefab
  artifactKey: Guid(3fb3c0c7d67d6e446bc0baa2bd0683f3) Importer(815301076,1909f56bfc062723c751e8b465ee728b)
Start importing Assets/DesktopComputerSet/Prefabs/UsbWlanAdapter.prefab using Guid(3fb3c0c7d67d6e446bc0baa2bd0683f3) Importer(815301076,1909f56bfc062723c751e8b465ee728b)  -> (artifact id: '2edd92f48d66fa70423e5a8bee8496a0') in 0.020277 seconds 
