Using pre-set license
Built from '2021.3/staging' branch; Version is '2021.3.1f1 (3b70a0754835) revision 3895456'; Using compiler version '192829333'; Build Type 'Release'
OS: 'Windows 10  (10.0.19044) 64bit Professional' Language: 'tr' Physical Memory: 32510 MB
BatchMode: 1, IsHumanControllingUs: 0, StartBugReporterOnCrash: 0, Is64bit: 1, IsPro: 1

COMMAND LINE ARGUMENTS:
C:\Program Files\Unity\Hub\Editor\2021.3.1f1\Editor\Unity.exe
-adb2
-batchMode
-noUpm
-name
AssetImportWorker0
-projectPath
C:/Users/didem/Game Station IDLE/Assets
-logFile
Logs/AssetImportWorker0.log
-srvPort
62722
Successfully changed project path to: C:/Users/didem/Game Station IDLE/Assets
C:/Users/didem/Game Station IDLE/Assets
[UnityMemory] Configuration Parameters - Can be set up in boot.config
    "memorysetup-bucket-allocator-granularity=16"
    "memorysetup-bucket-allocator-bucket-count=8"
    "memorysetup-bucket-allocator-block-size=33554432"
    "memorysetup-bucket-allocator-block-count=8"
    "memorysetup-main-allocator-block-size=16777216"
    "memorysetup-thread-allocator-block-size=16777216"
    "memorysetup-gfx-main-allocator-block-size=16777216"
    "memorysetup-gfx-thread-allocator-block-size=16777216"
    "memorysetup-cache-allocator-block-size=4194304"
    "memorysetup-typetree-allocator-block-size=2097152"
    "memorysetup-profiler-bucket-allocator-granularity=16"
    "memorysetup-profiler-bucket-allocator-bucket-count=8"
    "memorysetup-profiler-bucket-allocator-block-size=33554432"
    "memorysetup-profiler-bucket-allocator-block-count=8"
    "memorysetup-profiler-allocator-block-size=16777216"
    "memorysetup-profiler-editor-allocator-block-size=1048576"
    "memorysetup-temp-allocator-size-main=16777216"
    "memorysetup-job-temp-allocator-block-size=2097152"
    "memorysetup-job-temp-allocator-block-size-background=1048576"
    "memorysetup-job-temp-allocator-reduction-small-platforms=262144"
    "memorysetup-temp-allocator-size-background-worker=32768"
    "memorysetup-temp-allocator-size-job-worker=262144"
    "memorysetup-temp-allocator-size-preload-manager=33554432"
    "memorysetup-temp-allocator-size-nav-mesh-worker=65536"
    "memorysetup-temp-allocator-size-audio-worker=65536"
    "memorysetup-temp-allocator-size-cloud-worker=32768"
    "memorysetup-temp-allocator-size-gi-baking-worker=262144"
    "memorysetup-temp-allocator-size-gfx=262144"
Refreshing native plugins compatible for Editor in 56.73 ms, found 3 plugins.
Preloading 0 native plugins for Editor in 0.00 ms.
Initialize engine version: 2021.3.1f1 (3b70a0754835)
[Subsystems] Discovering subsystems at path C:/Program Files/Unity/Hub/Editor/2021.3.1f1/Editor/Data/Resources/UnitySubsystems
[Subsystems] Discovering subsystems at path C:/Users/didem/Game Station IDLE/Assets/Assets
GfxDevice: creating device client; threaded=0; jobified=0
Direct3D:
    Version:  Direct3D 11.0 [level 11.1]
    Renderer: NVIDIA GeForce RTX 3070 Laptop GPU (ID=0x249d)
    Vendor:   NVIDIA
    VRAM:     8044 MB
    Driver:   30.0.15.1289
Initialize mono
Mono path[0] = 'C:/Program Files/Unity/Hub/Editor/2021.3.1f1/Editor/Data/Managed'
Mono path[1] = 'C:/Program Files/Unity/Hub/Editor/2021.3.1f1/Editor/Data/MonoBleedingEdge/lib/mono/unityjit-win32'
Mono config path = 'C:/Program Files/Unity/Hub/Editor/2021.3.1f1/Editor/Data/MonoBleedingEdge/etc'
Using monoOptions --debugger-agent=transport=dt_socket,embedding=1,server=y,suspend=n,address=127.0.0.1:56660
Begin MonoManager ReloadAssembly
Registering precompiled unity dll's ...
Register platform support module: C:/Program Files/Unity/Hub/Editor/2021.3.1f1/Editor/Data/PlaybackEngines/WebGLSupport/UnityEditor.WebGL.Extensions.dll
Register platform support module: C:/Program Files/Unity/Hub/Editor/2021.3.1f1/Editor/Data/PlaybackEngines/WindowsStandaloneSupport/UnityEditor.WindowsStandalone.Extensions.dll
Registered in 0.008452 seconds.
Native extension for WindowsStandalone target not found
Native extension for WebGL target not found
Refreshing native plugins compatible for Editor in 74.82 ms, found 3 plugins.
Preloading 0 native plugins for Editor in 0.00 ms.
Mono: successfully reloaded assembly
- Completed reload, in  0.685 seconds
Domain Reload Profiling:
	ReloadAssembly (686ms)
		BeginReloadAssembly (61ms)
			ExecutionOrderSort (0ms)
			DisableScriptedObjects (0ms)
			BackupInstance (0ms)
			ReleaseScriptingObjects (0ms)
			CreateAndSetChildDomain (1ms)
		EndReloadAssembly (493ms)
			LoadAssemblies (60ms)
			RebuildTransferFunctionScriptingTraits (0ms)
			SetupTypeCache (132ms)
			ReleaseScriptCaches (0ms)
			RebuildScriptCaches (32ms)
			SetupLoadedEditorAssemblies (271ms)
				LogAssemblyErrors (0ms)
				InitializePlatformSupportModulesInManaged (10ms)
				SetLoadedEditorAssemblies (0ms)
				RefreshPlugins (75ms)
				BeforeProcessingInitializeOnLoad (1ms)
				ProcessInitializeOnLoadAttributes (131ms)
				ProcessInitializeOnLoadMethodAttributes (53ms)
				AfterProcessingInitializeOnLoad (0ms)
				EditorAssembliesLoaded (0ms)
			ExecutionOrderSort2 (0ms)
			AwakeInstancesAfterBackupRestoration (0ms)
Platform modules already initialized, skipping
Registering precompiled user dll's ...
Registered in 0.004221 seconds.
Begin MonoManager ReloadAssembly
Native extension for WindowsStandalone target not found
Native extension for WebGL target not found
Refreshing native plugins compatible for Editor in 0.76 ms, found 3 plugins.
Preloading 0 native plugins for Editor in 0.00 ms.
Mono: successfully reloaded assembly
- Completed reload, in  0.966 seconds
Domain Reload Profiling:
	ReloadAssembly (966ms)
		BeginReloadAssembly (106ms)
			ExecutionOrderSort (0ms)
			DisableScriptedObjects (7ms)
			BackupInstance (0ms)
			ReleaseScriptingObjects (0ms)
			CreateAndSetChildDomain (21ms)
		EndReloadAssembly (750ms)
			LoadAssemblies (74ms)
			RebuildTransferFunctionScriptingTraits (0ms)
			SetupTypeCache (232ms)
			ReleaseScriptCaches (1ms)
			RebuildScriptCaches (56ms)
			SetupLoadedEditorAssemblies (334ms)
				LogAssemblyErrors (0ms)
				InitializePlatformSupportModulesInManaged (8ms)
				SetLoadedEditorAssemblies (0ms)
				RefreshPlugins (1ms)
				BeforeProcessingInitializeOnLoad (75ms)
				ProcessInitializeOnLoadAttributes (216ms)
				ProcessInitializeOnLoadMethodAttributes (25ms)
				AfterProcessingInitializeOnLoad (9ms)
				EditorAssembliesLoaded (0ms)
			ExecutionOrderSort2 (0ms)
			AwakeInstancesAfterBackupRestoration (6ms)
Platform modules already initialized, skipping
========================================================================
Worker process is ready to serve import requests
Launched and connected shader compiler UnityShaderCompiler.exe after 0.04 seconds
Refreshing native plugins compatible for Editor in 0.46 ms, found 3 plugins.
Preloading 0 native plugins for Editor in 0.00 ms.
Unloading 3104 Unused Serialized files (Serialized files now loaded: 0)
Unloading 20 unused Assets / (47.7 KB). Loaded Objects now: 3567.
Memory consumption went from 108.0 MB to 108.0 MB.
Total: 2.208800 ms (FindLiveObjects: 0.224700 ms CreateObjectMapping: 0.081700 ms MarkObjects: 1.838800 ms  DeleteObjects: 0.062700 ms)

AssetImportParameters requested are different than current active one (requested -> active):
  custom:video-decoder-ogg-theora: a1e56fd34408186e4bbccfd4996cb3dc -> 
  custom:container-muxer-webm: aa71ff27fc2769a1b78a27578f13a17b -> 
  custom:container-demuxer-webm: 4f35f7cbe854078d1ac9338744f61a02 -> 
  custom:video-encoder-webm-vp8: eb34c28f22e8b96e1ab97ce403110664 -> 
  custom:audio-encoder-webm-vorbis: bf7c407c2cedff20999df2af8eb42d56 -> 
  custom:framework-win-MediaFoundation: 216162199b28c13a410421893ffa2e32 -> 
  custom:container-demuxer-ogg: 62fdf1f143b41e24485cea50d1cbac27 -> 
  custom:video-decoder-webm-vp8: 9c59270c3fd7afecdb556c50c9e8de78 -> 
  custom:audio-decoder-ogg-vorbis: bf7c407c2cedff20999df2af8eb42d56 -> 
========================================================================
Received Import Request.
  Time since last request: 1352.522935 seconds.
  path: Assets/2f764a9-removebg-preview.png
  artifactKey: Guid(735c51af35902044bbd93034b3612127) Importer(815301076,1909f56bfc062723c751e8b465ee728b)
Start importing Assets/2f764a9-removebg-preview.png using Guid(735c51af35902044bbd93034b3612127) Importer(815301076,1909f56bfc062723c751e8b465ee728b)  -> (artifact id: '85ae1ec21217096ccef67e8c136e79a3') in 0.111171 seconds 
========================================================================
Received Import Request.
  Time since last request: 0.000031 seconds.
  path: Assets/Desk.fbx
  artifactKey: Guid(90d20e62f06b66c43b38e539ec581266) Importer(815301076,1909f56bfc062723c751e8b465ee728b)
Start importing Assets/Desk.fbx using Guid(90d20e62f06b66c43b38e539ec581266) Importer(815301076,1909f56bfc062723c751e8b465ee728b)  -> (artifact id: 'cbbffd43d348508571fcfb12b085f9ef') in 0.444230 seconds 
========================================================================
Received Import Request.
  Time since last request: 0.000035 seconds.
  path: Assets/secretaria_Metallic.png
  artifactKey: Guid(cf034613a6e255846a691deeccddbb68) Importer(815301076,1909f56bfc062723c751e8b465ee728b)
Start importing Assets/secretaria_Metallic.png using Guid(cf034613a6e255846a691deeccddbb68) Importer(815301076,1909f56bfc062723c751e8b465ee728b)  -> (artifact id: 'f9e06be0e79b00e093f30f9812252455') in 0.015039 seconds 
========================================================================
Received Import Request.
  Time since last request: 0.000020 seconds.
  path: Assets/Money 2.fbx
  artifactKey: Guid(fd483547dab4c5944a3ae81d9c14c466) Importer(815301076,1909f56bfc062723c751e8b465ee728b)
Start importing Assets/Money 2.fbx using Guid(fd483547dab4c5944a3ae81d9c14c466) Importer(815301076,1909f56bfc062723c751e8b465ee728b)  -> (artifact id: 'd805336b5bf8f27c89860134ca91974e') in 0.033659 seconds 
========================================================================
Received Import Request.
  Time since last request: 0.000023 seconds.
  path: Assets/secretaria.fbx
  artifactKey: Guid(fd684ec6f328c584fa95edb38cb80988) Importer(815301076,1909f56bfc062723c751e8b465ee728b)
Start importing Assets/secretaria.fbx using Guid(fd684ec6f328c584fa95edb38cb80988) Importer(815301076,1909f56bfc062723c751e8b465ee728b)  -> (artifact id: 'cf8078bc433a1409d94797f10bfd2875') in 0.133533 seconds 
========================================================================
Received Import Request.
  Time since last request: 0.000033 seconds.
  path: Assets/stacks of money.obj
  artifactKey: Guid(2a8b2d17e931e7e4c8e52f1bf7b87949) Importer(815301076,1909f56bfc062723c751e8b465ee728b)
Start importing Assets/stacks of money.obj using Guid(2a8b2d17e931e7e4c8e52f1bf7b87949) Importer(815301076,1909f56bfc062723c751e8b465ee728b)  -> (artifact id: '52f3f0e46d417051f4c92358127b701e') in 0.025508 seconds 
========================================================================
Received Import Request.
  Time since last request: 0.000029 seconds.
  path: Assets/model.dae
  artifactKey: Guid(41da763bd7454a04b91014db2cbd30bd) Importer(815301076,1909f56bfc062723c751e8b465ee728b)
Start importing Assets/model.dae using Guid(41da763bd7454a04b91014db2cbd30bd) Importer(815301076,1909f56bfc062723c751e8b465ee728b)  -> (artifact id: '453b89bd220dd1ac588c892303339bf2') in 0.035960 seconds 
========================================================================
Received Import Request.
  Time since last request: 0.000048 seconds.
  path: Assets/money 1.fbx
  artifactKey: Guid(cc81157f933fd4541ac5cc6feb2fd712) Importer(815301076,1909f56bfc062723c751e8b465ee728b)
Start importing Assets/money 1.fbx using Guid(cc81157f933fd4541ac5cc6feb2fd712) Importer(815301076,1909f56bfc062723c751e8b465ee728b)  -> (artifact id: 'c9b44f16cad20493027e57970ae15fef') in 0.029532 seconds 
========================================================================
Received Import Request.
  Time since last request: 0.000023 seconds.
  path: Assets/metaltable.jpg
  artifactKey: Guid(56f6e7e4f59a7604ba2a38a949f7c109) Importer(815301076,1909f56bfc062723c751e8b465ee728b)
Start importing Assets/metaltable.jpg using Guid(56f6e7e4f59a7604ba2a38a949f7c109) Importer(815301076,1909f56bfc062723c751e8b465ee728b)  -> (artifact id: '99a064b5a84a55ba5a1e1213d154715c') in 0.018903 seconds 
========================================================================
Received Import Request.
  Time since last request: 0.000038 seconds.
  path: Assets/lambert1_Mixed_AO.png
  artifactKey: Guid(a4528af6e2ee5474b8fcb88d633db8a5) Importer(815301076,1909f56bfc062723c751e8b465ee728b)
Start importing Assets/lambert1_Mixed_AO.png using Guid(a4528af6e2ee5474b8fcb88d633db8a5) Importer(815301076,1909f56bfc062723c751e8b465ee728b)  -> (artifact id: 'd667eac538c722d6c4d37d7a56d6778c') in 0.015555 seconds 
========================================================================
Received Import Request.
  Time since last request: 12.225458 seconds.
  path: Assets/Materials/AO.mat
  artifactKey: Guid(a38f0352a5490864882ee9294ab2cb56) Importer(815301076,1909f56bfc062723c751e8b465ee728b)
Start importing Assets/Materials/AO.mat using Guid(a38f0352a5490864882ee9294ab2cb56) Importer(815301076,1909f56bfc062723c751e8b465ee728b)  -> (artifact id: 'a308806eb20b03fedbbff68be35d1193') in 0.015339 seconds 
========================================================================
Received Import Request.
  Time since last request: 0.000021 seconds.
  path: Assets/Materials/metaltable.mat
  artifactKey: Guid(b5821650ca7ac024f9f9764af712f2d6) Importer(815301076,1909f56bfc062723c751e8b465ee728b)
Start importing Assets/Materials/metaltable.mat using Guid(b5821650ca7ac024f9f9764af712f2d6) Importer(815301076,1909f56bfc062723c751e8b465ee728b)  -> (artifact id: 'd86dd6bec43230c566d07faee012a068') in 0.016089 seconds 
========================================================================
Received Import Request.
  Time since last request: 0.000021 seconds.
  path: Assets/DesktopComputerSet/Models/Materials/Monitor.mat
  artifactKey: Guid(8054e74988c9f6f49bdee8ce84dbae8b) Importer(815301076,1909f56bfc062723c751e8b465ee728b)
Start importing Assets/DesktopComputerSet/Models/Materials/Monitor.mat using Guid(8054e74988c9f6f49bdee8ce84dbae8b) Importer(815301076,1909f56bfc062723c751e8b465ee728b)  -> (artifact id: '03de553a11cc406f5ac283c86c29e3c5') in 0.206132 seconds 
========================================================================
Received Import Request.
  Time since last request: 0.000043 seconds.
  path: Assets/Materials/secretaria_Base_Color.mat
  artifactKey: Guid(70eec6a1b45df4f40b72092078c3a00d) Importer(815301076,1909f56bfc062723c751e8b465ee728b)
Start importing Assets/Materials/secretaria_Base_Color.mat using Guid(70eec6a1b45df4f40b72092078c3a00d) Importer(815301076,1909f56bfc062723c751e8b465ee728b)  -> (artifact id: '1127730d4d1f6c09eed18772ddf25041') in 0.021603 seconds 
========================================================================
Received Import Request.
  Time since last request: 0.000046 seconds.
  path: Assets/Materials/secretaria_Mixed_AO.mat
  artifactKey: Guid(3bb81c84f8f0938468226aca12fb8435) Importer(815301076,1909f56bfc062723c751e8b465ee728b)
Start importing Assets/Materials/secretaria_Mixed_AO.mat using Guid(3bb81c84f8f0938468226aca12fb8435) Importer(815301076,1909f56bfc062723c751e8b465ee728b)  -> (artifact id: '53f6414faf72eefbdf9d204d991bd3d3') in 0.020028 seconds 
========================================================================
Received Import Request.
  Time since last request: 0.000019 seconds.
  path: Assets/Materials/Metallic.mat
  artifactKey: Guid(b95398d67d8bc8d48b66fbd2afc14884) Importer(815301076,1909f56bfc062723c751e8b465ee728b)
Start importing Assets/Materials/Metallic.mat using Guid(b95398d67d8bc8d48b66fbd2afc14884) Importer(815301076,1909f56bfc062723c751e8b465ee728b)  -> (artifact id: 'c4456146775c6a9cc2825f9f1f055fb5') in 0.014674 seconds 
========================================================================
Received Import Request.
  Time since last request: 0.738613 seconds.
  path: Assets/DesktopComputerSet/Models/keyboard.fbx
  artifactKey: Guid(4a6eda4f5f90fbc4a879cd35869822f1) Importer(815301076,1909f56bfc062723c751e8b465ee728b)
Start importing Assets/DesktopComputerSet/Models/keyboard.fbx using Guid(4a6eda4f5f90fbc4a879cd35869822f1) Importer(815301076,1909f56bfc062723c751e8b465ee728b)  -> (artifact id: '3fe08a0778f58bf3d602c6f506e98d04') in 0.496974 seconds 
