Using pre-set license
Built from '2021.3/staging' branch; Version is '2021.3.1f1 (3b70a0754835) revision 3895456'; Using compiler version '192829333'; Build Type 'Release'
OS: 'Windows 10  (10.0.19044) 64bit Professional' Language: 'tr' Physical Memory: 32510 MB
BatchMode: 1, IsHumanControllingUs: 0, StartBugReporterOnCrash: 0, Is64bit: 1, IsPro: 1

COMMAND LINE ARGUMENTS:
C:\Program Files\Unity\Hub\Editor\2021.3.1f1\Editor\Unity.exe
-adb2
-batchMode
-noUpm
-name
AssetImportWorker3
-projectPath
C:/Users/didem/Game Station IDLE/Assets
-logFile
Logs/AssetImportWorker3.log
-srvPort
62722
Successfully changed project path to: C:/Users/didem/Game Station IDLE/Assets
C:/Users/didem/Game Station IDLE/Assets
[UnityMemory] Configuration Parameters - Can be set up in boot.config
    "memorysetup-bucket-allocator-granularity=16"
    "memorysetup-bucket-allocator-bucket-count=8"
    "memorysetup-bucket-allocator-block-size=33554432"
    "memorysetup-bucket-allocator-block-count=8"
    "memorysetup-main-allocator-block-size=16777216"
    "memorysetup-thread-allocator-block-size=16777216"
    "memorysetup-gfx-main-allocator-block-size=16777216"
    "memorysetup-gfx-thread-allocator-block-size=16777216"
    "memorysetup-cache-allocator-block-size=4194304"
    "memorysetup-typetree-allocator-block-size=2097152"
    "memorysetup-profiler-bucket-allocator-granularity=16"
    "memorysetup-profiler-bucket-allocator-bucket-count=8"
    "memorysetup-profiler-bucket-allocator-block-size=33554432"
    "memorysetup-profiler-bucket-allocator-block-count=8"
    "memorysetup-profiler-allocator-block-size=16777216"
    "memorysetup-profiler-editor-allocator-block-size=1048576"
    "memorysetup-temp-allocator-size-main=16777216"
    "memorysetup-job-temp-allocator-block-size=2097152"
    "memorysetup-job-temp-allocator-block-size-background=1048576"
    "memorysetup-job-temp-allocator-reduction-small-platforms=262144"
    "memorysetup-temp-allocator-size-background-worker=32768"
    "memorysetup-temp-allocator-size-job-worker=262144"
    "memorysetup-temp-allocator-size-preload-manager=33554432"
    "memorysetup-temp-allocator-size-nav-mesh-worker=65536"
    "memorysetup-temp-allocator-size-audio-worker=65536"
    "memorysetup-temp-allocator-size-cloud-worker=32768"
    "memorysetup-temp-allocator-size-gi-baking-worker=262144"
    "memorysetup-temp-allocator-size-gfx=262144"
Refreshing native plugins compatible for Editor in 60.19 ms, found 3 plugins.
Preloading 0 native plugins for Editor in 0.00 ms.
Initialize engine version: 2021.3.1f1 (3b70a0754835)
[Subsystems] Discovering subsystems at path C:/Program Files/Unity/Hub/Editor/2021.3.1f1/Editor/Data/Resources/UnitySubsystems
[Subsystems] Discovering subsystems at path C:/Users/didem/Game Station IDLE/Assets/Assets
GfxDevice: creating device client; threaded=0; jobified=0
Direct3D:
    Version:  Direct3D 11.0 [level 11.1]
    Renderer: NVIDIA GeForce RTX 3070 Laptop GPU (ID=0x249d)
    Vendor:   NVIDIA
    VRAM:     8044 MB
    Driver:   30.0.15.1289
Initialize mono
Mono path[0] = 'C:/Program Files/Unity/Hub/Editor/2021.3.1f1/Editor/Data/Managed'
Mono path[1] = 'C:/Program Files/Unity/Hub/Editor/2021.3.1f1/Editor/Data/MonoBleedingEdge/lib/mono/unityjit-win32'
Mono config path = 'C:/Program Files/Unity/Hub/Editor/2021.3.1f1/Editor/Data/MonoBleedingEdge/etc'
Using monoOptions --debugger-agent=transport=dt_socket,embedding=1,server=y,suspend=n,address=127.0.0.1:56136
Begin MonoManager ReloadAssembly
Registering precompiled unity dll's ...
Register platform support module: C:/Program Files/Unity/Hub/Editor/2021.3.1f1/Editor/Data/PlaybackEngines/WebGLSupport/UnityEditor.WebGL.Extensions.dll
Register platform support module: C:/Program Files/Unity/Hub/Editor/2021.3.1f1/Editor/Data/PlaybackEngines/WindowsStandaloneSupport/UnityEditor.WindowsStandalone.Extensions.dll
Registered in 0.008492 seconds.
Native extension for WindowsStandalone target not found
Native extension for WebGL target not found
Refreshing native plugins compatible for Editor in 93.86 ms, found 3 plugins.
Preloading 0 native plugins for Editor in 0.00 ms.
Mono: successfully reloaded assembly
- Completed reload, in  0.724 seconds
Domain Reload Profiling:
	ReloadAssembly (725ms)
		BeginReloadAssembly (82ms)
			ExecutionOrderSort (0ms)
			DisableScriptedObjects (0ms)
			BackupInstance (0ms)
			ReleaseScriptingObjects (0ms)
			CreateAndSetChildDomain (1ms)
		EndReloadAssembly (509ms)
			LoadAssemblies (80ms)
			RebuildTransferFunctionScriptingTraits (0ms)
			SetupTypeCache (130ms)
			ReleaseScriptCaches (0ms)
			RebuildScriptCaches (36ms)
			SetupLoadedEditorAssemblies (293ms)
				LogAssemblyErrors (0ms)
				InitializePlatformSupportModulesInManaged (10ms)
				SetLoadedEditorAssemblies (0ms)
				RefreshPlugins (94ms)
				BeforeProcessingInitializeOnLoad (2ms)
				ProcessInitializeOnLoadAttributes (134ms)
				ProcessInitializeOnLoadMethodAttributes (53ms)
				AfterProcessingInitializeOnLoad (0ms)
				EditorAssembliesLoaded (0ms)
			ExecutionOrderSort2 (0ms)
			AwakeInstancesAfterBackupRestoration (0ms)
Platform modules already initialized, skipping
Registering precompiled user dll's ...
Registered in 0.003714 seconds.
Begin MonoManager ReloadAssembly
Native extension for WindowsStandalone target not found
Native extension for WebGL target not found
Refreshing native plugins compatible for Editor in 0.71 ms, found 3 plugins.
Preloading 0 native plugins for Editor in 0.00 ms.
Mono: successfully reloaded assembly
- Completed reload, in  0.967 seconds
Domain Reload Profiling:
	ReloadAssembly (968ms)
		BeginReloadAssembly (112ms)
			ExecutionOrderSort (0ms)
			DisableScriptedObjects (7ms)
			BackupInstance (0ms)
			ReleaseScriptingObjects (0ms)
			CreateAndSetChildDomain (21ms)
		EndReloadAssembly (721ms)
			LoadAssemblies (77ms)
			RebuildTransferFunctionScriptingTraits (0ms)
			SetupTypeCache (217ms)
			ReleaseScriptCaches (1ms)
			RebuildScriptCaches (54ms)
			SetupLoadedEditorAssemblies (332ms)
				LogAssemblyErrors (0ms)
				InitializePlatformSupportModulesInManaged (8ms)
				SetLoadedEditorAssemblies (1ms)
				RefreshPlugins (1ms)
				BeforeProcessingInitializeOnLoad (76ms)
				ProcessInitializeOnLoadAttributes (217ms)
				ProcessInitializeOnLoadMethodAttributes (24ms)
				AfterProcessingInitializeOnLoad (6ms)
				EditorAssembliesLoaded (0ms)
			ExecutionOrderSort2 (0ms)
			AwakeInstancesAfterBackupRestoration (6ms)
Platform modules already initialized, skipping
========================================================================
Worker process is ready to serve import requests
Launched and connected shader compiler UnityShaderCompiler.exe after 0.04 seconds
Refreshing native plugins compatible for Editor in 0.48 ms, found 3 plugins.
Preloading 0 native plugins for Editor in 0.00 ms.
Unloading 3104 Unused Serialized files (Serialized files now loaded: 0)
Unloading 20 unused Assets / (47.8 KB). Loaded Objects now: 3568.
Memory consumption went from 108.1 MB to 108.0 MB.
Total: 2.218700 ms (FindLiveObjects: 0.222000 ms CreateObjectMapping: 0.067000 ms MarkObjects: 1.860700 ms  DeleteObjects: 0.068200 ms)

AssetImportParameters requested are different than current active one (requested -> active):
  custom:video-decoder-ogg-theora: a1e56fd34408186e4bbccfd4996cb3dc -> 
  custom:container-muxer-webm: aa71ff27fc2769a1b78a27578f13a17b -> 
  custom:container-demuxer-webm: 4f35f7cbe854078d1ac9338744f61a02 -> 
  custom:video-encoder-webm-vp8: eb34c28f22e8b96e1ab97ce403110664 -> 
  custom:audio-encoder-webm-vorbis: bf7c407c2cedff20999df2af8eb42d56 -> 
  custom:framework-win-MediaFoundation: 216162199b28c13a410421893ffa2e32 -> 
  custom:container-demuxer-ogg: 62fdf1f143b41e24485cea50d1cbac27 -> 
  custom:video-decoder-webm-vp8: 9c59270c3fd7afecdb556c50c9e8de78 -> 
  custom:audio-decoder-ogg-vorbis: bf7c407c2cedff20999df2af8eb42d56 -> 
========================================================================
Received Import Request.
  Time since last request: 1352.821649 seconds.
  path: Assets/happy-removebg-preview.png
  artifactKey: Guid(097a9d4066419d9488b73878cd36fd1c) Importer(815301076,1909f56bfc062723c751e8b465ee728b)
Start importing Assets/happy-removebg-preview.png using Guid(097a9d4066419d9488b73878cd36fd1c) Importer(815301076,1909f56bfc062723c751e8b465ee728b)  -> (artifact id: 'f4be9a85c5b6f74de61da8b9a6fe1a20') in 0.128377 seconds 
========================================================================
Received Import Request.
  Time since last request: 0.000024 seconds.
  path: Assets/Metallic.jpg
  artifactKey: Guid(6eced37941ed4964eba3f925f85aa816) Importer(815301076,1909f56bfc062723c751e8b465ee728b)
Start importing Assets/Metallic.jpg using Guid(6eced37941ed4964eba3f925f85aa816) Importer(815301076,1909f56bfc062723c751e8b465ee728b)  -> (artifact id: 'c9ad2eb7fb743e0f25b4e95237c2abe1') in 0.019520 seconds 
========================================================================
Received Import Request.
  Time since last request: 0.000037 seconds.
  path: Assets/secretaria_Normal_DirectX.png
  artifactKey: Guid(2f9c7abb849025d44a5352c0ae586469) Importer(815301076,1909f56bfc062723c751e8b465ee728b)
Start importing Assets/secretaria_Normal_DirectX.png using Guid(2f9c7abb849025d44a5352c0ae586469) Importer(815301076,1909f56bfc062723c751e8b465ee728b)  -> (artifact id: '932267c050be3669a4019727d57217ab') in 0.016825 seconds 
========================================================================
Received Import Request.
  Time since last request: 0.000023 seconds.
  path: Assets/png-transparent-money-hd-background-58426-removebg-preview.png
  artifactKey: Guid(595736cb4098b3d4fa6289ed79e07f31) Importer(815301076,1909f56bfc062723c751e8b465ee728b)
Start importing Assets/png-transparent-money-hd-background-58426-removebg-preview.png using Guid(595736cb4098b3d4fa6289ed79e07f31) Importer(815301076,1909f56bfc062723c751e8b465ee728b)  -> (artifact id: '829bc8d48c745ccd7c0f957b4330c2a5') in 0.031075 seconds 
========================================================================
Received Import Request.
  Time since last request: 0.000024 seconds.
  path: Assets/lambert1_Roughness.png
  artifactKey: Guid(fa57267ac9881e2498dc560d41f48782) Importer(815301076,1909f56bfc062723c751e8b465ee728b)
Start importing Assets/lambert1_Roughness.png using Guid(fa57267ac9881e2498dc560d41f48782) Importer(815301076,1909f56bfc062723c751e8b465ee728b)  -> (artifact id: '62fbc1f57be3b85a2719992c8c5cb025') in 0.015992 seconds 
========================================================================
Received Import Request.
  Time since last request: 0.000017 seconds.
  path: Assets/Chair 1.fbx
  artifactKey: Guid(80855dbe02478de4d85341546ea52777) Importer(815301076,1909f56bfc062723c751e8b465ee728b)
Start importing Assets/Chair 1.fbx using Guid(80855dbe02478de4d85341546ea52777) Importer(815301076,1909f56bfc062723c751e8b465ee728b)  -> (artifact id: '78ff811910ac54b71a2a406a86a3e9a4') in 0.392598 seconds 
========================================================================
Received Import Request.
  Time since last request: 12.210056 seconds.
  path: Assets/DesktopComputerSet/Models/Materials/keyboard-No Name.mat
  artifactKey: Guid(b5b56216fffb03045b537cf0978face9) Importer(815301076,1909f56bfc062723c751e8b465ee728b)
Start importing Assets/DesktopComputerSet/Models/Materials/keyboard-No Name.mat using Guid(b5b56216fffb03045b537cf0978face9) Importer(815301076,1909f56bfc062723c751e8b465ee728b)  -> (artifact id: 'ecc84f8ea7a1a366493fab7cea3cc7c1') in 0.209926 seconds 
========================================================================
Received Import Request.
  Time since last request: 0.000030 seconds.
  path: Assets/Materials/secretaria_Roughness.mat
  artifactKey: Guid(490e640a19b2fe14594c2ede40d1791a) Importer(815301076,1909f56bfc062723c751e8b465ee728b)
Start importing Assets/Materials/secretaria_Roughness.mat using Guid(490e640a19b2fe14594c2ede40d1791a) Importer(815301076,1909f56bfc062723c751e8b465ee728b)  -> (artifact id: 'ba5a6371cb64180ddd00f0c58d5c440d') in 0.014481 seconds 
========================================================================
Received Import Request.
  Time since last request: 0.000027 seconds.
  path: Assets/Materials/Roughness.mat
  artifactKey: Guid(3c791e42c8ba09d498637584fd36cd94) Importer(815301076,1909f56bfc062723c751e8b465ee728b)
Start importing Assets/Materials/Roughness.mat using Guid(3c791e42c8ba09d498637584fd36cd94) Importer(815301076,1909f56bfc062723c751e8b465ee728b)  -> (artifact id: 'c4df021405324fa10632a2679d572250') in 0.013524 seconds 
========================================================================
Received Import Request.
  Time since last request: 0.000025 seconds.
  path: Assets/Materials/secretaria_Metallic.mat
  artifactKey: Guid(f7a5e78a9212cec468ad1da31e9b536f) Importer(815301076,1909f56bfc062723c751e8b465ee728b)
Start importing Assets/Materials/secretaria_Metallic.mat using Guid(f7a5e78a9212cec468ad1da31e9b536f) Importer(815301076,1909f56bfc062723c751e8b465ee728b)  -> (artifact id: '67d4ec1d56fc60b6a16bcdf8ba8af8e1') in 0.019002 seconds 
========================================================================
Received Import Request.
  Time since last request: 0.000026 seconds.
  path: Assets/DesktopComputerSet/Models/Materials/Router.mat
  artifactKey: Guid(c4028b86c0779a645a789eb55f559b90) Importer(815301076,1909f56bfc062723c751e8b465ee728b)
Start importing Assets/DesktopComputerSet/Models/Materials/Router.mat using Guid(c4028b86c0779a645a789eb55f559b90) Importer(815301076,1909f56bfc062723c751e8b465ee728b)  -> (artifact id: '3aa367e12ebf18f9ddf37f95ca5d8e4c') in 0.028162 seconds 
========================================================================
Received Import Request.
  Time since last request: 0.752079 seconds.
  path: Assets/DesktopComputerSet/Models/Mouse.fbx
  artifactKey: Guid(06e2d087208be1b45832753732535707) Importer(815301076,1909f56bfc062723c751e8b465ee728b)
Start importing Assets/DesktopComputerSet/Models/Mouse.fbx using Guid(06e2d087208be1b45832753732535707) Importer(815301076,1909f56bfc062723c751e8b465ee728b)  -> (artifact id: '801f384d27587b6405de13b9733ee48f') in 0.087095 seconds 
========================================================================
Received Import Request.
  Time since last request: 0.000027 seconds.
  path: Assets/DesktopComputerSet/Models/Webcam.fbx
  artifactKey: Guid(628c6e874a287e54b897e8ae7b32d367) Importer(815301076,1909f56bfc062723c751e8b465ee728b)
Start importing Assets/DesktopComputerSet/Models/Webcam.fbx using Guid(628c6e874a287e54b897e8ae7b32d367) Importer(815301076,1909f56bfc062723c751e8b465ee728b)  -> (artifact id: '2c9222815c2a91bf0e19043262753a5d') in 0.076621 seconds 
========================================================================
Received Import Request.
  Time since last request: 0.175035 seconds.
  path: Assets/DesktopComputerSet/Prefabs/Monitor.prefab
  artifactKey: Guid(92c13c89ae4f45048b7dbcbb03538250) Importer(815301076,1909f56bfc062723c751e8b465ee728b)
Start importing Assets/DesktopComputerSet/Prefabs/Monitor.prefab using Guid(92c13c89ae4f45048b7dbcbb03538250) Importer(815301076,1909f56bfc062723c751e8b465ee728b)  -> (artifact id: '7bfe70364609b567e189ea838f99a4db') in 0.022306 seconds 
========================================================================
Received Import Request.
  Time since last request: 0.000019 seconds.
  path: Assets/DesktopComputerSet/Prefabs/Mouse.prefab
  artifactKey: Guid(a32bf73ad4c4e644d9b8c8f8712bed74) Importer(815301076,1909f56bfc062723c751e8b465ee728b)
Start importing Assets/DesktopComputerSet/Prefabs/Mouse.prefab using Guid(a32bf73ad4c4e644d9b8c8f8712bed74) Importer(815301076,1909f56bfc062723c751e8b465ee728b)  -> (artifact id: '26e8fbf51ec2882f08c002dc6c54489f') in 0.025421 seconds 
========================================================================
Received Import Request.
  Time since last request: 0.000024 seconds.
  path: Assets/DesktopComputerSet/Prefabs/Speaker_Main.prefab
  artifactKey: Guid(8aed73bab813cf145a64947b3cba7c23) Importer(815301076,1909f56bfc062723c751e8b465ee728b)
Start importing Assets/DesktopComputerSet/Prefabs/Speaker_Main.prefab using Guid(8aed73bab813cf145a64947b3cba7c23) Importer(815301076,1909f56bfc062723c751e8b465ee728b)  -> (artifact id: 'bb8ef4c0ab441d69473b21d7a8af5cb0') in 0.189661 seconds 
